<?xml version="1.0" encoding="UTF-8"?>
<testsuite name="Validate PDF" tests="1" skipped="0" failures="0" errors="0" timestamp="2021-07-16T17:55:17" hostname="LAPTOP-J2VUB6GH" time="37.069">
  <properties/>
  <testcase name="Validate PDF" classname="Validate PDF" time="37.069"/>
  <system-out><![CDATA[Feature: Validate PDF

  Scenario: Validate PDF                          ?[90m# src/test/resources/features/Sustainability.feature:3?[0m
12:55:17.357 [Test worker] INFO   - 
 _____ _____ ____ _____   ____ _____  _    ____ _____ _____ ____  
|_   _| ____/ ___|_   _| / ___|_   _|/ \  |  _ \_   _| ____|  _ \ 
  | | |  _| \___ \ | |   \___ \ | | / _ \ | |_) || | |  _| | | | |
  | | | |___ ___) || |    ___) || |/ ___ \|  _ < | | | |___| |_| |
  |_| |_____|____/ |_|   |____/ |_/_/   \_\_| \_\|_| |_____|____/ 

Validate PDF(validate-pdf;validate-pdf)
-------------------------------------------------------------------
12:55:20.300 [Test worker] INFO  n.s.c.w.d.ProvideNewDriver - Instantiating driver
12:55:20.300 [Test worker] INFO  n.s.c.w.d.ProvideNewDriver - Driver capabilities: Capabilities {acceptInsecureCerts: false, browserName: chrome, chrome.switches: --start-maximized;--test-ty..., goog:chromeOptions: {args: [--start-maximized, --test-type, --no-sandbox, --ignore-certificate-errors;\n, --disable-popup-blocking, --disable-default-apps, --disable-extensions-file-a..., --incognito, --disable-infobars, --disable-gpu], extensions: []}, loggingPrefs: org.openqa.selenium.logging..., platform: ANY, version: }
    ?[32mGiven ?[0m?[32muser is page?[0m                            ?[90m# SustainabilityStepDefinitions.user_is_page()?[0m
    ?[32mWhen ?[0m?[32mUsers click in ABOUT US?[0m                  ?[90m# SustainabilityStepDefinitions.users_click_in_ABOUT_US()?[0m
    ?[32mWhen ?[0m?[32mUsers click in CORPORATE INFORMATION?[0m     ?[90m# SustainabilityStepDefinitions.users_click_in_CORPORATE_INFORMATION()?[0m
    ?[32mWhen ?[0m?[32mUsers click in SUSTAINABILITY?[0m            ?[90m# SustainabilityStepDefinitions.users_click_in_SUSTAINABILITY()?[0m
    ?[32mWhen ?[0m?[32mUsers click in GENERATION SUSTAINABILITY?[0m ?[90m# SustainabilityStepDefinitions.users_click_in_GENERATION_SUSTAINABILITY()?[0m
    ?[32mWhen ?[0m?[32mUsers click in PDF?[0m                       ?[90m# SustainabilityStepDefinitions.users_click_in_PDF()?[0m
https://www.banistmo.com/wps/wcm/connect/www.banistmo.com11237/24e1f142-4bb1-4e59-a9d2-b7fcf56061b6/Generaci%C3%B3n+Sostenible+Edici%C3%B3n+9.compressed.pdf?MOD=AJPERES&CVID=lSAKvcx
    ?[32mThen ?[0m?[32mYou should see the PDF?[0m                   ?[90m# SustainabilityStepDefinitions.you_should_see_the_PDF()?[0m
]]></system-out>
  <system-err><![CDATA[jul 16, 2021 12:55:19 PM org.openqa.selenium.remote.DesiredCapabilities chrome
INFORMACIÓN: Using `new ChromeOptions()` is preferred to `DesiredCapabilities.chrome()`
Starting ChromeDriver 90.0.4430.24 (4c6d850f087da467d926e8eddb76550aed655991-refs/branch-heads/4430@{#429}) on port 16151
Only local connections are allowed.
Please see https://chromedriver.chromium.org/security-considerations for suggestions on keeping ChromeDriver safe.
ChromeDriver was started successfully.
[1626458123.293][WARNING]: This version of ChromeDriver has not been tested with Chrome version 91.
jul 16, 2021 12:55:23 PM org.openqa.selenium.remote.ProtocolHandshake createSession
INFORMACIÓN: Detected dialect: W3C
]]></system-err>
</testsuite>
